<?xml version="1.0" encoding="UTF-8"?>
<!-- Generated by org.testng.reporters.JUnitReportReporter -->
<testsuite name="Test.HomePageSanity" tests="1" time="15.159" ignored="0" failures="0" timestamp="29 Apr 2020 09:20:54 GMT" skipped="0" hostname="LAPTOP-8HCEVJG2" errors="0">
  <testcase name="sanityTest" time="15.159" classname="Test.HomePageSanity"/>
</testsuite> <!-- Test.HomePageSanity -->
