<?xml version="1.0" encoding="UTF-8"?>
<!-- Generated by org.testng.reporters.JUnitReportReporter -->
<testsuite name="Test.Base" tests="1" time="12.758" ignored="1" failures="0" timestamp="16 Apr 2020 15:56:53 GMT" skipped="0" hostname="LAPTOP-8HCEVJG2" errors="0">
  <testcase name="testt" time="12.758" classname="Test.Base"/>
  <testcase name="InitBrowser" classname="Test.Base">
    <skipped/>
  </testcase> <!-- InitBrowser -->
</testsuite> <!-- Test.Base -->
