<?xml version="1.0" encoding="UTF-8"?>
<!-- Generated by org.testng.reporters.JUnitReportReporter -->
<testsuite name="Test.LoginPage" tests="3" time="12.588" ignored="0" failures="0" timestamp="25 Apr 2020 12:27:54 GMT" skipped="0" hostname="LAPTOP-8HCEVJG2" errors="0">
  <testcase name="loginTest" time="4.856" classname="Test.LoginPage"/>
  <testcase name="loginTest" time="3.745" classname="Test.LoginPage"/>
  <testcase name="loginTest" time="3.987" classname="Test.LoginPage"/>
</testsuite> <!-- Test.LoginPage -->
