<?xml version="1.0" encoding="UTF-8"?>
<!-- Generated by org.testng.reporters.JUnitReportReporter -->
<testsuite name="Test.LoginPage" tests="3" time="8.906" ignored="0" failures="0" timestamp="27 Apr 2020 16:57:41 GMT" skipped="0" hostname="LAPTOP-8HCEVJG2" errors="0">
  <testcase name="loginTest" time="3.847" classname="Test.LoginPage"/>
  <testcase name="loginTest" time="2.460" classname="Test.LoginPage"/>
  <testcase name="loginTest" time="2.599" classname="Test.LoginPage"/>
</testsuite> <!-- Test.LoginPage -->
