<?xml version="1.0" encoding="UTF-8"?>
<!-- Generated by org.testng.reporters.JUnitReportReporter -->
<testsuite name="Test.HomePage" tests="1" time="1.967" ignored="0" failures="0" timestamp="25 Apr 2020 12:27:54 GMT" skipped="0" hostname="LAPTOP-8HCEVJG2" errors="0">
  <testcase name="radioBtnTest" time="1.967" classname="Test.HomePage"/>
</testsuite> <!-- Test.HomePage -->
