<?xml version="1.0" encoding="UTF-8"?>
<!-- Generated by org.testng.reporters.JUnitReportReporter -->
<testsuite name="Test.Login" tests="3" time="8.661" ignored="0" failures="0" timestamp="18 Apr 2020 14:59:53 GMT" skipped="0" hostname="LAPTOP-8HCEVJG2" errors="0">
  <testcase name="loginTest" time="2.653" classname="Test.Login"/>
  <testcase name="loginTest" time="3.436" classname="Test.Login"/>
  <testcase name="loginTest" time="2.572" classname="Test.Login"/>
</testsuite> <!-- Test.Login -->
